{"C:\\Users\\maria\\OneDrive\\Рабочий стол\\TMS\\react\\Новая папка\\MariaGuk\\src\\_.js": {"path":"C:\\Users\\maria\\OneDrive\\Рабочий стол\\TMS\\react\\Новая папка\\MariaGuk\\src\\_.js","statementMap":{"0":{"start":{"line":2,"column":4},"end":{"line":2,"column":17}}},"fnMap":{"0":{"name":"sum","decl":{"start":{"line":1,"column":24},"end":{"line":1,"column":27}},"loc":{"start":{"line":1,"column":34},"end":{"line":3,"column":1}},"line":1}},"branchMap":{},"s":{"0":1},"f":{"0":1},"b":{},"_coverageSchema":"1a1c01bbd47fc00a2c39e90264f33305004495a9","hash":"8534d2f8f5549c651450d69eafaaf2835fb3595d"}
,"C:\\Users\\maria\\OneDrive\\Рабочий стол\\TMS\\react\\Новая папка\\MariaGuk\\src\\utils\\date.js": {"path":"C:\\Users\\maria\\OneDrive\\Рабочий стол\\TMS\\react\\Новая папка\\MariaGuk\\src\\utils\\date.js","statementMap":{"0":{"start":{"line":1,"column":26},"end":{"line":1,"column":42}},"1":{"start":{"line":1,"column":32},"end":{"line":1,"column":42}}},"fnMap":{"0":{"name":"(anonymous_0)","decl":{"start":{"line":1,"column":26},"end":{"line":1,"column":27}},"loc":{"start":{"line":1,"column":32},"end":{"line":1,"column":42}},"line":1}},"branchMap":{},"s":{"0":1,"1":1},"f":{"0":1},"b":{},"_coverageSchema":"1a1c01bbd47fc00a2c39e90264f33305004495a9","hash":"486e908d36fecdd631146576194dcb4589ee7374"}
,"C:\\Users\\maria\\OneDrive\\Рабочий стол\\TMS\\react\\Новая папка\\MariaGuk\\src\\utils\\getAgeInDays.js": {"path":"C:\\Users\\maria\\OneDrive\\Рабочий стол\\TMS\\react\\Новая папка\\MariaGuk\\src\\utils\\getAgeInDays.js","statementMap":{"0":{"start":{"line":3,"column":17},"end":{"line":3,"column":49}},"1":{"start":{"line":4,"column":24},"end":{"line":4,"column":34}},"2":{"start":{"line":5,"column":17},"end":{"line":5,"column":60}},"3":{"start":{"line":6,"column":4},"end":{"line":6,"column":22}},"4":{"start":{"line":11,"column":28},"end":{"line":11,"column":54}},"5":{"start":{"line":12,"column":24},"end":{"line":12,"column":46}},"6":{"start":{"line":13,"column":22},"end":{"line":13,"column":76}},"7":{"start":{"line":14,"column":4},"end":{"line":14,"column":39}},"8":{"start":{"line":16,"column":0},"end":{"line":16,"column":15}}},"fnMap":{"0":{"name":"getAgeInDays","decl":{"start":{"line":2,"column":9},"end":{"line":2,"column":21}},"loc":{"start":{"line":2,"column":40},"end":{"line":7,"column":1}},"line":2},"1":{"name":"dateOfWrTest","decl":{"start":{"line":10,"column":9},"end":{"line":10,"column":21}},"loc":{"start":{"line":10,"column":24},"end":{"line":15,"column":1}},"line":10}},"branchMap":{},"s":{"0":0,"1":0,"2":0,"3":0,"4":1,"5":1,"6":1,"7":1,"8":1},"f":{"0":0,"1":1},"b":{},"_coverageSchema":"1a1c01bbd47fc00a2c39e90264f33305004495a9","hash":"8c2333873140cf34f049c832019fba1213a73dbc"}
}
