{"C:\\Users\\maria\\OneDrive\\Рабочий стол\\Новая папка\\MariaGuk\\src\\index.js": {"path":"C:\\Users\\maria\\OneDrive\\Рабочий стол\\Новая папка\\MariaGuk\\src\\index.js","statementMap":{"0":{"start":{"line":2,"column":4},"end":{"line":2,"column":17}}},"fnMap":{"0":{"name":"sum","decl":{"start":{"line":1,"column":24},"end":{"line":1,"column":27}},"loc":{"start":{"line":1,"column":34},"end":{"line":3,"column":1}},"line":1}},"branchMap":{},"s":{"0":1},"f":{"0":1},"b":{},"_coverageSchema":"1a1c01bbd47fc00a2c39e90264f33305004495a9","hash":"2489be546d5e56d0f369c506febfdb9e2f146d4c"}
}
